串行上传成功: QmNLfAjoNKbS1B6X -> node1 (ring1)
串行上传成功: QmNLhJVAq7HPd5RX -> node29 (ring1)
串行上传成功: QmNLhnzBXBSfNCPC -> node36 (ring0)
串行上传成功: QmNLiBBFavqfzuRT -> node34 (ring2)
串行上传成功: QmNLijobERK4VhSD -> node17 (ring1)
串行上传成功: QmNLjZSFV3GUMcus -> node19 (ring3)
串行上传成功: QmNLjqPL5qZmf98R -> node22 (ring2)
串行上传成功: QmNLk2K77B3XfN8m -> node27 (ring3)
串行上传成功: QmNLkKZZ2LHnem4m -> node16 (ring0)
串行上传成功: QmNLkW3vRHVwirfe -> node29 (ring1)
串行上传成功: QmNLkbcx5QiS7y5K -> node33 (ring1)
串行上传成功: QmNLku1fmN8jP2Km -> node38 (ring2)
串行上传成功: QmNLnbfC3fKeayre -> node26 (ring2)
串行上传成功: QmNLodD67MqurvK8 -> node9 (ring1)
串行上传成功: QmNLpHEp1K4u3E5D -> node26 (ring2)
串行上传成功: QmNLpHzo8eHqebrx -> node39 (ring3)
串行上传成功: QmNLpqRRSZvP64Pb -> node31 (ring3)
串行上传成功: QmNLpsWmsgf7TN8a -> node34 (ring2)
串行上传成功: QmNLrTGnZYCS2i9s -> node12 (ring0)
串行上传成功: QmNLtxEYGBw9EqEC -> node13 (ring1)
串行上传成功: QmNLu1WuGc8ddCGz -> node13 (ring1)
串行上传成功: QmNLvUUYbK2YtyJJ -> node12 (ring0)
串行上传成功: QmNLwvSzvPDyT3CJ -> node15 (ring3)
串行上传成功: QmNLxh4YFtALAmMT -> node7 (ring3)
串行上传成功: QmNLyV8dYxvn6xGs -> node7 (ring3)
串行上传成功: QmNLyZXxTFi1megR -> node20 (ring0)
串行上传成功: QmNLyzn8XqCoz6RB -> node27 (ring3)
串行上传成功: QmNLzrFEvntebTA1 -> node13 (ring1)
串行上传成功: QmNM1fxwxg6fkBBb -> node8 (ring0)
串行上传成功: QmNM2Es6i5n7T77x -> node0 (ring0)
串行上传成功: QmNM3Lk4wDdTe9ej -> node36 (ring0)
串行上传成功: QmNM4BFFSee2qMjR -> node10 (ring2)
串行上传成功: QmNM4yvHgHDomSdt -> node35 (ring3)
串行上传成功: QmNM5HTS9SDAKfd6 -> node30 (ring2)
串行上传成功: QmNM5RA8vdBQbEGr -> node7 (ring3)
串行上传成功: QmNM5U2WgnCaQbEi -> node33 (ring1)
串行上传成功: QmNM82SKYb7TJfoS -> node29 (ring1)
串行上传成功: QmNM8Kq7pRQ8GUw4 -> node10 (ring2)
串行上传成功: QmNM8v23wc761gwk -> node29 (ring1)
串行上传成功: QmNMAhTLB4szoo2y -> node7 (ring3)
串行上传成功: QmNMAmASBq5fEVmj -> node24 (ring0)
串行上传成功: QmNMAsXWtQS7nLwL -> node32 (ring0)
串行上传成功: QmNMCVvKM3cBDnVs -> node36 (ring0)
串行上传成功: QmNMEhVeLVEqhZz8 -> node1 (ring1)
串行上传成功: QmNMFM4dDc41SWJ6 -> node26 (ring2)
串行上传成功: QmNMFb7cEFffmvrv -> node30 (ring2)
串行上传成功: QmNMFpuB2GQA9Asy -> node30 (ring2)
串行上传成功: QmNMFrXowTbuX1Ad -> node7 (ring3)
串行上传成功: QmNMJLHp54GnJHAf -> node12 (ring0)
串行上传成功: QmNML5SiTQJAWR3i -> node34 (ring2)
串行上传成功: QmNMMzX1VVmfDsoF -> node39 (ring3)
串行上传成功: QmNMNaHE2idABbCx -> node32 (ring0)
串行上传成功: QmNMNoGhtbL2T2Bv -> node10 (ring2)
串行上传成功: QmNMPHb4Sxi7RvCr -> node22 (ring2)
串行上传成功: QmNMQKsmtpPT23df -> node39 (ring3)
串行上传成功: QmNMRNpMuLESpWnY -> node27 (ring3)
串行上传成功: QmNMSg22RuQx9DeF -> node11 (ring3)
串行上传成功: QmNMTVqkbzs3P9t1 -> node37 (ring1)
串行上传成功: QmNMU8eP7yeABefm -> node20 (ring0)
串行上传成功: QmNMUw7XTb52N3TC -> node0 (ring0)
串行上传成功: QmNMVd6TsyuS7M1f -> node31 (ring3)
串行上传成功: QmNMVsadFq8f8w6Z -> node32 (ring0)
串行上传成功: QmNMWnAa6MpGjXWx -> node13 (ring1)
串行上传成功: QmNMZSdBWbqsYegm -> node20 (ring0)
串行上传成功: QmNMZVyAvsBF5rr3 -> node37 (ring1)
串行上传成功: QmNMbhHJZDDf8G1q -> node34 (ring2)
串行上传成功: QmNMcg4fnfKvPGd3 -> node24 (ring0)
串行上传成功: QmNMeaxMNnWHXbWS -> node24 (ring0)
串行上传成功: QmNMeecXGW36FoHP -> node38 (ring2)
串行上传成功: QmNMetUt98yWMz93 -> node4 (ring0)
串行上传成功: QmNMgdtiFJqDAA5o -> node26 (ring2)
串行上传成功: QmNMhtqNBkLy6yTY -> node8 (ring0)
串行上传成功: QmNMifxW5MizSaWQ -> node17 (ring1)
串行上传成功: QmNMjRbzWxPf6eeL -> node26 (ring2)
串行上传成功: QmNMjW2bv2vg3dca -> node15 (ring3)
串行上传成功: QmNMkaZ1avA43GVP -> node27 (ring3)
串行上传成功: QmNMkt7b1LZWEG1W -> node15 (ring3)
串行上传成功: QmNMmPErUkcVBtVE -> node31 (ring3)
串行上传成功: QmNMoQfVffzdu2sx -> node9 (ring1)
串行上传成功: QmNMsboFkspdD6r2 -> node10 (ring2)
串行上传成功: QmNMsqnxMCHAo63C -> node3 (ring3)
串行上传成功: QmNMssFJkeDhG2Rg -> node26 (ring2)
串行上传成功: QmNMtbjSg2dK1YSP -> node34 (ring2)
串行上传成功: QmNMtgBGZLhYepqq -> node25 (ring1)
串行上传成功: QmNMtouxt9iWFjGh -> node10 (ring2)
串行上传成功: QmNMuDKxRtuUcmUz -> node33 (ring1)
串行上传成功: QmNMuvLMxK6tTweu -> node11 (ring3)
串行上传成功: QmNMxHSVWLRCRJFn -> node12 (ring0)
串行上传成功: QmNMxXT6NhC5QY5p -> node26 (ring2)
串行上传成功: QmNMxgZeYpbtFSCT -> node22 (ring2)
串行上传成功: QmNMyRZ4u3pyqxDs -> node4 (ring0)
串行上传成功: QmNMyajZ6CDDCzdB -> node11 (ring3)
串行上传成功: QmNMyvHjPTKC14Pp -> node24 (ring0)
串行上传成功: QmNMzQb9bvzhRE1U -> node11 (ring3)
串行上传成功: QmNN12KA48FeZWth -> node15 (ring3)
串行上传成功: QmNN155GTZJwpD9w -> node20 (ring0)
串行上传成功: QmNN1t3u1fdbk7RS -> node15 (ring3)
串行上传成功: QmNN287k7wcRhWvb -> node10 (ring2)
串行上传成功: QmNN2Af3nYCHw5o9 -> node33 (ring1)
串行上传成功: QmNN5Kjxg2HZoPdx -> node17 (ring1)
串行上传成功: QmNN5v5vbjN8oTXN -> node0 (ring0)
串行上传成功: QmNN6BvKEaKVDppe -> node11 (ring3)
串行上传成功: QmNN6N2yhZ1en668 -> node31 (ring3)
串行上传成功: QmNN7AkgoEZBBAve -> node35 (ring3)
串行上传成功: QmNN7wQvEvPD7gHm -> node21 (ring1)
串行上传成功: QmNN8uoh5D8inyde -> node14 (ring2)
串行上传成功: QmNNAhoZ1S9NdXQf -> node1 (ring1)
串行上传成功: QmNNAocdCGYSQcuj -> node24 (ring0)
串行上传成功: QmNNB8NLmPCYerB8 -> node29 (ring1)
串行上传成功: QmNNBX4hLRr7TX2z -> node32 (ring0)
串行上传成功: QmNNBt7YoowcHrgP -> node2 (ring2)
串行上传成功: QmNNCHTevKwFGTTo -> node17 (ring1)
串行上传成功: QmNNCYpfyuPstoti -> node5 (ring1)
串行上传成功: QmNNCxowVLvGSwiF -> node5 (ring1)
串行上传成功: QmNND7tQ1Mp2CFkN -> node26 (ring2)
串行上传成功: QmNNDMbPws8VzfHs -> node5 (ring1)
串行上传成功: QmNNDcXQP2u3tHH7 -> node4 (ring0)
串行上传成功: QmNNEoPJkhcgmz8q -> node38 (ring2)
串行上传成功: QmNNHGSLBQYwjzHw -> node38 (ring2)
串行上传成功: QmNNHsVgyfaZW6UT -> node11 (ring3)
串行上传成功: QmNNHtqR1CXvD84a -> node11 (ring3)
串行上传成功: QmNNJRgn2TJ3Uk1J -> node24 (ring0)
串行上传成功: QmNNMQb8FuDu1eNp -> node25 (ring1)
串行上传成功: QmNNMTLQgyADBiqr -> node19 (ring3)
串行上传成功: QmNNMi3ZGQqn9Pnd -> node11 (ring3)
串行上传成功: QmNNMt3k2Th9JHsA -> node1 (ring1)
串行上传成功: QmNNNAYAgX72sN1x -> node28 (ring0)
串行上传成功: QmNNPGvHXsSNQxV3 -> node31 (ring3)
串行上传成功: QmNNPwgsnoY72U32 -> node31 (ring3)
串行上传成功: QmNNPxD9utrBSKqN -> node29 (ring1)
串行上传成功: QmNNR7yFLxRf4p2p -> node38 (ring2)
串行上传成功: QmNNRDTiLSaCwyhu -> node20 (ring0)
串行上传成功: QmNNTQFLmTKSYMrM -> node29 (ring1)
串行上传成功: QmNNTSiaohNh7YHS -> node16 (ring0)
串行上传成功: QmNNToARS1YSyw12 -> node30 (ring2)
串行上传成功: QmNNUTEhUPFSWAoe -> node37 (ring1)
串行上传成功: QmNNVF4TP1AWpdL1 -> node34 (ring2)
串行上传成功: QmNNVJFt6ToQghRS -> node14 (ring2)
串行上传成功: QmNNVvRryZu9PmN3 -> node39 (ring3)
串行上传成功: QmNNWKPe5yGeFsGw -> node13 (ring1)
串行上传成功: QmNNWRiBNna7vTnu -> node39 (ring3)
串行上传成功: QmNNWTxeb5wBuV1Y -> node17 (ring1)
串行上传成功: QmNNWuxgQSTPBHZL -> node2 (ring2)
串行上传成功: QmNNY3J1bzw9KuCb -> node13 (ring1)
串行上传成功: QmNNYSN1cGhfqdn8 -> node14 (ring2)
串行上传成功: QmNNYuSBTuWfZhMV -> node26 (ring2)
串行上传成功: QmNNa9L6spcUodLD -> node35 (ring3)
串行上传成功: QmNNaBRyPasMgjjk -> node26 (ring2)
串行上传成功: QmNNaQ3Hi9CSY8Fz -> node38 (ring2)
串行上传成功: QmNNat4SM1xAP2A9 -> node31 (ring3)
串行上传成功: QmNNbvJiDKBEaQh3 -> node6 (ring2)
串行上传失败: QmNNc9KsLcuFjjsz, err: write tcp 10.0.0.184:41858->10.0.0.185:8082: i/o timeout
串行上传成功: QmNNcHiSCUY5d4T6 -> node12 (ring0)
串行上传成功: QmNNcTVrarori693 -> node37 (ring1)
串行上传成功: QmNNdwNnxEJ6W5oL -> node15 (ring3)
串行上传成功: QmNNePvMqxHXdMJ2 -> node39 (ring3)
串行上传成功: QmNNeo3CsyT2mnVB -> node37 (ring1)
串行上传成功: QmNNf2LsSZRyeXuT -> node12 (ring0)
串行上传成功: QmNNfd4HtZKUy3dD -> node19 (ring3)
串行上传成功: QmNNfePsFjEkpS7c -> node26 (ring2)
串行上传成功: QmNNfptvAUaFhyUo -> node2 (ring2)
串行上传失败: QmNNgDrgRDXBUjSz, err: write tcp 10.0.0.184:41858->10.0.0.185:8082: i/o timeout
串行上传成功: QmNNgewYbkNSSKAw -> node38 (ring2)
串行上传失败: QmNNiPXYddzAxCeZ, err: write tcp 10.0.0.184:41858->10.0.0.185:8082: i/o timeout
串行上传成功: QmNNjkDZTLZSXoQ9 -> node32 (ring0)
串行上传成功: QmNNjyjpiuX1tuco -> node24 (ring0)
串行上传成功: QmNNkZAs37s17P2C -> node10 (ring2)
串行上传成功: QmNNm1onf312rk1u -> node20 (ring0)
串行上传成功: QmNNm6muj5tDAyzN -> node1 (ring1)
串行上传成功: QmNNmKU9RXSeeBqY -> node19 (ring3)
串行上传成功: QmNNn8mtuAeK8F1X -> node38 (ring2)
串行上传成功: QmNNnga6ze5wQcBw -> node33 (ring1)
串行上传成功: QmNNocHM17dm1VoP -> node33 (ring1)
串行上传成功: QmNNoprQtYqCZFyp -> node19 (ring3)
串行上传成功: QmNNsjCHMMSJCLv7 -> node29 (ring1)
串行上传成功: QmNNsvBCCXuFf4FQ -> node26 (ring2)
串行上传失败: QmNNt1xoyB7gwjLL, err: write tcp 10.0.0.184:41858->10.0.0.185:8082: i/o timeout
串行上传成功: QmNNtVdBesVmZfmF -> node36 (ring0)
串行上传成功: QmNNucryJUYJtuTW -> node37 (ring1)
串行上传成功: QmNNv1v2YLogaLyB -> node21 (ring1)
串行上传成功: QmNNv6ourvUjP6wf -> node19 (ring3)
串行上传成功: QmNNwgQHBGPzo8xF -> node14 (ring2)
串行上传成功: QmNNxMnafj9ATrpj -> node29 (ring1)
串行上传成功: QmNNxP3zNJ2yuJzE -> node2 (ring2)
串行上传成功: QmNNxP8HRsZQxGw4 -> node36 (ring0)
串行上传成功: QmNNxZgfuqwuY12J -> node8 (ring0)
串行上传成功: QmNNxfz3i68qqtQy -> node30 (ring2)
串行上传成功: QmNNycb6egaDQSfm -> node22 (ring2)
串行上传成功: QmNNzJPqgdUsUPVg -> node6 (ring2)
串行上传成功: QmNNzW9TMjJMHnie -> node24 (ring0)
串行上传成功: QmNP1AT3w26EpJaw -> node31 (ring3)
串行上传成功: QmNP1WCEvVYUEXha -> node31 (ring3)
串行上传成功: QmNP1bQhT1PzbQYR -> node27 (ring3)
串行上传成功: QmNP1vxfC5bp487d -> node19 (ring3)
串行上传成功: QmNP2jfSEL7jEEMp -> node30 (ring2)
串行上传成功: QmNP34y9qxbVvUmN -> node19 (ring3)
串行上传成功: QmNP3WrsDmyKTgTb -> node30 (ring2)